2025-07-08 16:43:37,899 ERROR: Unhandled Exception [in F:\DEV\Flask\new\Kern-Energy-Nexus\app\__init__.py:47]
Traceback (most recent call last):
  File "F:\DEV\Flask\new\Kern-Energy-Nexus\venv\Lib\site-packages\sqlalchemy\engine\base.py", line 1964, in _exec_single_context
    self.dialect.do_execute(
  File "F:\DEV\Flask\new\Kern-Energy-Nexus\venv\Lib\site-packages\sqlalchemy\engine\default.py", line 945, in do_execute
    cursor.execute(statement, parameters)
sqlite3.OperationalError: no such table: users

The above exception was the direct cause of the following exception:

Traceback (most recent call last):
  File "F:\DEV\Flask\new\Kern-Energy-Nexus\venv\Lib\site-packages\flask\app.py", line 2190, in wsgi_app
    response = self.full_dispatch_request()
               ^^^^^^^^^^^^^^^^^^^^^^^^^^^^
  File "F:\DEV\Flask\new\Kern-Energy-Nexus\venv\Lib\site-packages\flask\app.py", line 1486, in full_dispatch_request
    rv = self.handle_user_exception(e)
         ^^^^^^^^^^^^^^^^^^^^^^^^^^^^^
  File "F:\DEV\Flask\new\Kern-Energy-Nexus\venv\Lib\site-packages\flask\app.py", line 1484, in full_dispatch_request
    rv = self.dispatch_request()
         ^^^^^^^^^^^^^^^^^^^^^^^
  File "F:\DEV\Flask\new\Kern-Energy-Nexus\venv\Lib\site-packages\flask\app.py", line 1469, in dispatch_request
    return self.ensure_sync(self.view_functions[rule.endpoint])(**view_args)
           ^^^^^^^^^^^^^^^^^^^^^^^^^^^^^^^^^^^^^^^^^^^^^^^^^^^^^^^^^^^^^^^^^
  File "F:\DEV\Flask\new\Kern-Energy-Nexus\app\auth\routes.py", line 38, in login
    user = User.query.filter_by(username=username).first()
           ^^^^^^^^^^^^^^^^^^^^^^^^^^^^^^^^^^^^^^^^^^^^^^^
  File "F:\DEV\Flask\new\Kern-Energy-Nexus\venv\Lib\site-packages\sqlalchemy\orm\query.py", line 2759, in first
    return self.limit(1)._iter().first()  # type: ignore
           ^^^^^^^^^^^^^^^^^^^^^
  File "F:\DEV\Flask\new\Kern-Energy-Nexus\venv\Lib\site-packages\sqlalchemy\orm\query.py", line 2858, in _iter
    result: Union[ScalarResult[_T], Result[_T]] = self.session.execute(
                                                  ^^^^^^^^^^^^^^^^^^^^^
  File "F:\DEV\Flask\new\Kern-Energy-Nexus\venv\Lib\site-packages\sqlalchemy\orm\session.py", line 2365, in execute
    return self._execute_internal(
           ^^^^^^^^^^^^^^^^^^^^^^^
  File "F:\DEV\Flask\new\Kern-Energy-Nexus\venv\Lib\site-packages\sqlalchemy\orm\session.py", line 2251, in _execute_internal
    result: Result[Any] = compile_state_cls.orm_execute_statement(
                          ^^^^^^^^^^^^^^^^^^^^^^^^^^^^^^^^^^^^^^^^
  File "F:\DEV\Flask\new\Kern-Energy-Nexus\venv\Lib\site-packages\sqlalchemy\orm\context.py", line 306, in orm_execute_statement
    result = conn.execute(
             ^^^^^^^^^^^^^
  File "F:\DEV\Flask\new\Kern-Energy-Nexus\venv\Lib\site-packages\sqlalchemy\engine\base.py", line 1416, in execute
    return meth(
           ^^^^^
  File "F:\DEV\Flask\new\Kern-Energy-Nexus\venv\Lib\site-packages\sqlalchemy\sql\elements.py", line 523, in _execute_on_connection
    return connection._execute_clauseelement(
           ^^^^^^^^^^^^^^^^^^^^^^^^^^^^^^^^^^
  File "F:\DEV\Flask\new\Kern-Energy-Nexus\venv\Lib\site-packages\sqlalchemy\engine\base.py", line 1638, in _execute_clauseelement
    ret = self._execute_context(
          ^^^^^^^^^^^^^^^^^^^^^^
  File "F:\DEV\Flask\new\Kern-Energy-Nexus\venv\Lib\site-packages\sqlalchemy\engine\base.py", line 1843, in _execute_context
    return self._exec_single_context(
           ^^^^^^^^^^^^^^^^^^^^^^^^^^
  File "F:\DEV\Flask\new\Kern-Energy-Nexus\venv\Lib\site-packages\sqlalchemy\engine\base.py", line 1983, in _exec_single_context
    self._handle_dbapi_exception(
  File "F:\DEV\Flask\new\Kern-Energy-Nexus\venv\Lib\site-packages\sqlalchemy\engine\base.py", line 2352, in _handle_dbapi_exception
    raise sqlalchemy_exception.with_traceback(exc_info[2]) from e
  File "F:\DEV\Flask\new\Kern-Energy-Nexus\venv\Lib\site-packages\sqlalchemy\engine\base.py", line 1964, in _exec_single_context
    self.dialect.do_execute(
  File "F:\DEV\Flask\new\Kern-Energy-Nexus\venv\Lib\site-packages\sqlalchemy\engine\default.py", line 945, in do_execute
    cursor.execute(statement, parameters)
sqlalchemy.exc.OperationalError: (sqlite3.OperationalError) no such table: users
[SQL: SELECT users.id AS users_id, users.username AS users_username, users.actual_name AS users_actual_name, users.email AS users_email, users.password AS users_password, users.role AS users_role, users.last_login_at AS users_last_login_at, users.is_active AS users_is_active 
FROM users 
WHERE users.username = ?
 LIMIT ? OFFSET ?]
[parameters: ('mleonard', 1, 0)]
(Background on this error at: https://sqlalche.me/e/20/e3q8)
2025-07-08 16:44:00,774 ERROR: Unhandled Exception [in F:\DEV\Flask\new\Kern-Energy-Nexus\app\__init__.py:47]
Traceback (most recent call last):
  File "F:\DEV\Flask\new\Kern-Energy-Nexus\venv\Lib\site-packages\sqlalchemy\engine\base.py", line 1964, in _exec_single_context
    self.dialect.do_execute(
  File "F:\DEV\Flask\new\Kern-Energy-Nexus\venv\Lib\site-packages\sqlalchemy\engine\default.py", line 945, in do_execute
    cursor.execute(statement, parameters)
sqlite3.OperationalError: no such table: users

The above exception was the direct cause of the following exception:

Traceback (most recent call last):
  File "F:\DEV\Flask\new\Kern-Energy-Nexus\venv\Lib\site-packages\flask\app.py", line 2190, in wsgi_app
    response = self.full_dispatch_request()
               ^^^^^^^^^^^^^^^^^^^^^^^^^^^^
  File "F:\DEV\Flask\new\Kern-Energy-Nexus\venv\Lib\site-packages\flask\app.py", line 1486, in full_dispatch_request
    rv = self.handle_user_exception(e)
         ^^^^^^^^^^^^^^^^^^^^^^^^^^^^^
  File "F:\DEV\Flask\new\Kern-Energy-Nexus\venv\Lib\site-packages\flask\app.py", line 1484, in full_dispatch_request
    rv = self.dispatch_request()
         ^^^^^^^^^^^^^^^^^^^^^^^
  File "F:\DEV\Flask\new\Kern-Energy-Nexus\venv\Lib\site-packages\flask\app.py", line 1469, in dispatch_request
    return self.ensure_sync(self.view_functions[rule.endpoint])(**view_args)
           ^^^^^^^^^^^^^^^^^^^^^^^^^^^^^^^^^^^^^^^^^^^^^^^^^^^^^^^^^^^^^^^^^
  File "F:\DEV\Flask\new\Kern-Energy-Nexus\app\auth\routes.py", line 38, in login
    user = User.query.filter_by(username=username).first()
           ^^^^^^^^^^^^^^^^^^^^^^^^^^^^^^^^^^^^^^^^^^^^^^^
  File "F:\DEV\Flask\new\Kern-Energy-Nexus\venv\Lib\site-packages\sqlalchemy\orm\query.py", line 2759, in first
    return self.limit(1)._iter().first()  # type: ignore
           ^^^^^^^^^^^^^^^^^^^^^
  File "F:\DEV\Flask\new\Kern-Energy-Nexus\venv\Lib\site-packages\sqlalchemy\orm\query.py", line 2858, in _iter
    result: Union[ScalarResult[_T], Result[_T]] = self.session.execute(
                                                  ^^^^^^^^^^^^^^^^^^^^^
  File "F:\DEV\Flask\new\Kern-Energy-Nexus\venv\Lib\site-packages\sqlalchemy\orm\session.py", line 2365, in execute
    return self._execute_internal(
           ^^^^^^^^^^^^^^^^^^^^^^^
  File "F:\DEV\Flask\new\Kern-Energy-Nexus\venv\Lib\site-packages\sqlalchemy\orm\session.py", line 2251, in _execute_internal
    result: Result[Any] = compile_state_cls.orm_execute_statement(
                          ^^^^^^^^^^^^^^^^^^^^^^^^^^^^^^^^^^^^^^^^
  File "F:\DEV\Flask\new\Kern-Energy-Nexus\venv\Lib\site-packages\sqlalchemy\orm\context.py", line 306, in orm_execute_statement
    result = conn.execute(
             ^^^^^^^^^^^^^
  File "F:\DEV\Flask\new\Kern-Energy-Nexus\venv\Lib\site-packages\sqlalchemy\engine\base.py", line 1416, in execute
    return meth(
           ^^^^^
  File "F:\DEV\Flask\new\Kern-Energy-Nexus\venv\Lib\site-packages\sqlalchemy\sql\elements.py", line 523, in _execute_on_connection
    return connection._execute_clauseelement(
           ^^^^^^^^^^^^^^^^^^^^^^^^^^^^^^^^^^
  File "F:\DEV\Flask\new\Kern-Energy-Nexus\venv\Lib\site-packages\sqlalchemy\engine\base.py", line 1638, in _execute_clauseelement
    ret = self._execute_context(
          ^^^^^^^^^^^^^^^^^^^^^^
  File "F:\DEV\Flask\new\Kern-Energy-Nexus\venv\Lib\site-packages\sqlalchemy\engine\base.py", line 1843, in _execute_context
    return self._exec_single_context(
           ^^^^^^^^^^^^^^^^^^^^^^^^^^
  File "F:\DEV\Flask\new\Kern-Energy-Nexus\venv\Lib\site-packages\sqlalchemy\engine\base.py", line 1983, in _exec_single_context
    self._handle_dbapi_exception(
  File "F:\DEV\Flask\new\Kern-Energy-Nexus\venv\Lib\site-packages\sqlalchemy\engine\base.py", line 2352, in _handle_dbapi_exception
    raise sqlalchemy_exception.with_traceback(exc_info[2]) from e
  File "F:\DEV\Flask\new\Kern-Energy-Nexus\venv\Lib\site-packages\sqlalchemy\engine\base.py", line 1964, in _exec_single_context
    self.dialect.do_execute(
  File "F:\DEV\Flask\new\Kern-Energy-Nexus\venv\Lib\site-packages\sqlalchemy\engine\default.py", line 945, in do_execute
    cursor.execute(statement, parameters)
sqlalchemy.exc.OperationalError: (sqlite3.OperationalError) no such table: users
[SQL: SELECT users.id AS users_id, users.username AS users_username, users.actual_name AS users_actual_name, users.email AS users_email, users.password AS users_password, users.role AS users_role, users.last_login_at AS users_last_login_at, users.is_active AS users_is_active 
FROM users 
WHERE users.username = ?
 LIMIT ? OFFSET ?]
[parameters: ('ggetzfrid', 1, 0)]
(Background on this error at: https://sqlalche.me/e/20/e3q8)
